react-native_app/android/app/build/outputs/logs/manifest-merger-dev19-debug-report.txt
-- Merging decision tree log ---
manifest
ADDED from src/main/AndroidManifest.xml:2:1-262:12
INJECTED from src/main/AndroidManifest.xml:2:1-262:12
INJECTED from src/main/AndroidManifest.xml:2:1-262:12
INJECTED from src/main/AndroidManifest.xml:2:1-262:12
MERGED from [host.exp.exponent:expoview:28.0.0] AndroidManifest.xml:2:1-86:12
MERGED from [com.android.support:multidex:1.0.2] AndroidManifest.xml:17:1-22:12
MERGED from [com.theartofdev.edmodo:android-image-cropper:2.4.7] AndroidManifest.xml:2:1-12:12
MERGED from [com.facebook.react:react-native:28.0.0] AndroidManifest.xml:2:1-15:12
MERGED from [com.google.android:cameraview:1.0.0] AndroidManifest.xml:14:1-34:12
MERGED from [com.facebook.android:facebook-android-sdk:4.28.0] AndroidManifest.xml:21:1-31:12
MERGED from [com.facebook.android:facebook-login:4.28.0] AndroidManifest.xml:21:1-31:12
MERGED from [com.facebook.android:facebook-share:4.28.0] AndroidManifest.xml:21:1-31:12
MERGED from [com.facebook.android:facebook-common:4.28.0] AndroidManifest.xml:21:1-36:12
MERGED from [com.facebook.android:audience-network-sdk:4.26.1] AndroidManifest.xml:2:1-20:12
MERGED from [com.airbnb.android:lottie:2.5.5] AndroidManifest.xml:2:1-13:12
MERGED from [com.android.support:appcompat-v7:27.1.1] AndroidManifest.xml:17:1-22:12
MERGED from [com.jakewharton:butterknife:8.8.1] AndroidManifest.xml:2:1-7:12
MERGED from [com.google.android.gms:play-services-gcm:12.0.1] AndroidManifest.xml:17:1-28:12
MERGED from [com.google.android.gms:play-services-analytics:12.0.1] AndroidManifest.xml:17:1-47:12
MERGED from [com.google.android.gms:play-services-wallet:12.0.1] AndroidManifest.xml:17:1-22:12
MERGED from [com.google.android.gms:play-services-maps:12.0.1] AndroidManifest.xml:17:1-32:12
MERGED from [com.google.android.gms:play-services-auth:12.0.1] AndroidManifest.xml:17:1-39:12
MERGED from [com.google.android.gms:play-services-fitness:12.0.1] AndroidManifest.xml:17:1-24:12
MERGED from [com.google.android.gms:play-services-location:12.0.1] AndroidManifest.xml:2:1-9:12
MERGED from [com.google.android.gms:play-services-ads:12.0.1] AndroidManifest.xml:17:1-25:12
MERGED from [com.raizlabs.android:DBFlow:2.2.1] AndroidManifest.xml:2:1-13:12
MERGED from [me.leolin:ShortcutBadger:1.1.4] AndroidManifest.xml:2:1-35:12
MERGED from [com.yqritc:android-scalablevideoview:1.0.1] AndroidManifest.xml:2:1-12:12
MERGED from [net.openid:appauth:0.4.1] AndroidManifest.xml:15:1-46:12
MERGED from [io.branch.sdk.android:library:2.17.1] AndroidManifest.xml:2:1-11:12
MERGED from [io.nlopez.smartlocation:library:3.2.11] AndroidManifest.xml:2:1-30:12
MERGED from [com.android.support:exifinterface:27.1.1] AndroidManifest.xml:17:1-22:12
MERGED from [com.facebook.fresco:imagepipeline-okhttp3:1.0.1] AndroidManifest.xml:2:1-9:12
MERGED from [com.google.firebase:firebase-core:12.0.1] AndroidManifest.xml:2:1-6:12
MERGED from [com.squareup.leakcanary:leakcanary-android-no-op:1.4-beta1] AndroidManifest.xml:17:1-24:12
MERGED from [com.stripe:stripe-android:2.1.0] AndroidManifest.xml:2:1-11:12
MERGED from [com.facebook.android:facebook-places:4.28.0] AndroidManifest.xml:21:1-31:12
MERGED from [com.facebook.android:facebook-applinks:4.28.0] AndroidManifest.xml:21:1-31:12
MERGED from [com.facebook.android:facebook-messenger:4.28.0] AndroidManifest.xml:21:1-31:12
MERGED from [com.facebook.android:facebook-core:4.28.0] AndroidManifest.xml:21:1-45:12
MERGED from [com.google.android.exoplayer:exoplayer:r2.5.4] AndroidManifest.xml:17:1-25:12
MERGED from [com.google.android.exoplayer:exoplayer-dash:r2.5.4] AndroidManifest.xml:17:1-25:12
MERGED from [com.google.android.exoplayer:exoplayer-hls:r2.5.4] AndroidManifest.xml:17:1-25:12
MERGED from [com.google.android.exoplayer:exoplayer-smoothstreaming:r2.5.4] AndroidManifest.xml:17:1-25:12
MERGED from [com.google.android.exoplayer:exoplayer-ui:r2.5.4] AndroidManifest.xml:17:1-25:12
MERGED from [com.google.android.exoplayer:exoplayer-core:r2.5.4] AndroidManifest.xml:17:1-25:12
MERGED from [com.android.support:animated-vector-drawable:27.1.1] AndroidManifest.xml:17:1-22:12
MERGED from [com.android.support:support-vector-drawable:27.1.1] AndroidManifest.xml:17:1-22:12
MERGED from [com.android.support:cardview-v7:27.1.1] AndroidManifest.xml:17:1-22:12
MERGED from [com.android.support:customtabs:27.1.1] AndroidManifest.xml:17:1-22:12
MERGED from [com.android.support:recyclerview-v7:27.1.1] AndroidManifest.xml:17:1-22:12
MERGED from [com.github.thefuntasty:CreditCardEntry:1.4.8.4] AndroidManifest.xml:2:1-12:12
MERGED from [com.google.android.gms:play-services-vision:12.0.1] AndroidManifest.xml:2:1-9:12
MERGED from [com.google.firebase:firebase-messaging:12.0.1] AndroidManifest.xml:17:1-37:12
MERGED from [com.google.firebase:firebase-analytics:12.0.1] AndroidManifest.xml:17:1-54:12
MERGED from [com.google.firebase:firebase-analytics-impl:12.0.1] AndroidManifest.xml:17:1-40:12
MERGED from [com.google.firebase:firebase-iid:12.0.1] AndroidManifest.xml:17:1-59:12
MERGED from [com.google.firebase:firebase-common:12.0.1] AndroidManifest.xml:2:1-15:12
MERGED from [com.google.android.gms:play-services-auth-api-phone:12.0.1] AndroidManifest.xml:2:1-7:12
MERGED from [com.google.android.gms:play-services-vision-common:12.0.1] AndroidManifest.xml:2:1-9:12
MERGED from [com.google.android.gms:play-services-identity:12.0.1] AndroidManifest.xml:17:1-24:12
MERGED from [com.google.android.gms:play-services-tagmanager-v4-impl:12.0.1] AndroidManifest.xml:17:1-24:12
MERGED from [com.google.android.gms:play-services-iid:12.0.1] AndroidManifest.xml:17:1-28:12
MERGED from [com.google.android.gms:play-services-analytics-impl:12.0.1] AndroidManifest.xml:17:1-31:12
MERGED from [com.google.android.gms:play-services-auth-base:12.0.1] AndroidManifest.xml:2:1-7:12
MERGED from [com.google.android.gms:play-services-base:12.0.1] AndroidManifest.xml:17:1-29:12
MERGED from [com.google.android.gms:play-services-tasks:12.0.1] AndroidManifest.xml:2:1-9:12
MERGED from [com.google.android.gms:play-services-ads-lite:12.0.1] AndroidManifest.xml:17:1-36:12
MERGED from [com.google.android.gms:play-services-gass:12.0.1] AndroidManifest.xml:2:1-9:12
MERGED from [com.google.android.gms:play-services-basement:12.0.1] AndroidManifest.xml:17:1-28:12
MERGED from [com.android.support:support-v4:26.1.0] AndroidManifest.xml:17:1-31:12
MERGED from [com.android.support:support-media-compat:26.1.0] AndroidManifest.xml:17:1-31:12
MERGED from [com.android.support:support-fragment:27.1.1] AndroidManifest.xml:17:1-22:12
MERGED from [com.android.support:support-core-ui:27.1.1] AndroidManifest.xml:17:1-22:12
MERGED from [com.android.support:support-core-utils:27.1.1] AndroidManifest.xml:17:1-22:12
MERGED from [com.android.support:support-compat:27.1.1] AndroidManifest.xml:17:1-22:12
MERGED from [com.crashlytics.sdk.android:answers-shim:0.0.6] AndroidManifest.xml:2:1-13:12
MERGED from [host.exp:reactandroid-abi28_0_0:1.0.0] AndroidManifest.xml:2:1-15:12
MERGED from [host.exp:reactandroid-abi27_0_0:1.0.0] AndroidManifest.xml:2:1-15:12
MERGED from [host.exp:reactandroid-abi26_0_0:1.0.0] AndroidManifest.xml:2:1-15:12
MERGED from [host.exp:reactandroid-abi25_0_0:1.0.0] AndroidManifest.xml:2:1-15:12
MERGED from [host.exp:reactandroid-abi24_0_0:1.0.0] AndroidManifest.xml:2:1-15:12
MERGED from [host.exp:reactandroid-abi23:1.0.0] AndroidManifest.xml:2:1-15:12
MERGED from [host.exp:reactandroid-abi22:1.0.0] AndroidManifest.xml:2:1-15:12
MERGED from [com.facebook.fbui.textlayoutbuilder:textlayoutbuilder:1.0.0] AndroidManifest.xml:10:1-18:12
MERGED from [com.facebook.fresco:fresco:1.0.1] AndroidManifest.xml:2:1-9:12
MERGED from [com.facebook.fresco:animated-gif:1.0.1] AndroidManifest.xml:2:1-9:12
MERGED from [com.facebook.fresco:animated-webp:1.0.1] AndroidManifest.xml:2:1-9:12
MERGED from [com.facebook.fresco:webpsupport:1.0.1] AndroidManifest.xml:2:1-9:12
MERGED from [expolib_v1.com.facebook.fresco:expolib_v1-imagepipeline-okhttp3:1.0.1] AndroidManifest.xml:2:1-9:12
MERGED from [com.facebook.soloader:soloader:0.1.0] AndroidManifest.xml:1:1-4:12
MERGED from [org.webkit:android-jsc:r174650] AndroidManifest.xml:1:1-3:12
MERGED from [com.crashlytics.sdk.android:crashlytics:2.5.5] AndroidManifest.xml:2:1-13:12
MERGED from [com.google.maps.android:android-maps-utils:0.5] AndroidManifest.xml:2:1-13:12
MERGED from [com.facebook.fresco:drawee:1.0.1] AndroidManifest.xml:2:1-9:12
MERGED from [com.facebook.fresco:animated-base:1.0.1] AndroidManifest.xml:2:1-9:12
MERGED from [com.facebook.fresco:imagepipeline:1.0.1] AndroidManifest.xml:2:1-9:12
MERGED from [com.facebook.fresco:imagepipeline-base:1.0.1] AndroidManifest.xml:2:1-9:12
MERGED from [com.facebook.fresco:fbcore:1.0.1] AndroidManifest.xml:2:1-9:12
MERGED from [com.crashlytics.sdk.android:crashlytics-core:2.3.8] AndroidManifest.xml:2:1-13:12
MERGED from [com.crashlytics.sdk.android:answers:1.3.6] AndroidManifest.xml:2:1-13:12
MERGED from [io.fabric.sdk.android:fabric:1.3.10] AndroidManifest.xml:18:1-29:12
MERGED from [com.crashlytics.sdk.android:beta:1.1.4] AndroidManifest.xml:2:1-13:12
MERGED from [com.google.android.gms:play-services-fitness-license:12.0.1] AndroidManifest.xml:17:1-24:12
MERGED from [com.google.android.gms:play-services-vision-license:12.0.1] AndroidManifest.xml:17:1-24:12
MERGED from [com.google.android.gms:play-services-wallet-license:12.0.1] AndroidManifest.xml:17:1-24:12
MERGED from [com.google.firebase:firebase-messaging-license:12.0.1] AndroidManifest.xml:17:1-24:12
MERGED from [com.google.android.gms:play-services-tasks-license:12.0.1] AndroidManifest.xml:17:1-24:12
MERGED from [com.google.android.gms:play-services-vision-common-license:12.0.1] AndroidManifest.xml:17:1-24:12
MERGED from [com.google.android.gms:play-services-identity-license:12.0.1] AndroidManifest.xml:17:1-24:12
MERGED from [com.google.firebase:firebase-iid-license:12.0.1] AndroidManifest.xml:17:1-24:12
MERGED from [com.google.firebase:firebase-common-license:12.0.1] AndroidManifest.xml:17:1-24:12
MERGED from [com.google.android.gms:play-services-gcm-license:12.0.1] AndroidManifest.xml:17:1-24:12
MERGED from [com.google.android.gms:play-services-analytics-license:12.0.1] AndroidManifest.xml:17:1-24:12
MERGED from [com.google.android.gms:play-services-tagmanager-v4-impl-license:12.0.1] AndroidManifest.xml:17:1-24:12
MERGED from [com.google.android.gms:play-services-maps-license:12.0.1] AndroidManifest.xml:17:1-24:12
MERGED from [com.google.android.gms:play-services-auth-api-phone-license:12.0.1] AndroidManifest.xml:17:1-24:12
MERGED from [com.google.android.gms:play-services-location-license:12.0.1] AndroidManifest.xml:17:1-24:12
MERGED from [com.google.android.gms:play-services-ads-license:12.0.1] AndroidManifest.xml:17:1-24:12
MERGED from [com.google.firebase:firebase-analytics-license:12.0.1] AndroidManifest.xml:17:1-24:12
MERGED from [com.google.firebase:firebase-analytics-impl-license:12.0.1] AndroidManifest.xml:17:1-24:12
MERGED from [com.google.android.gms:play-services-base-license:12.0.1] AndroidManifest.xml:17:1-24:12
MERGED from [com.google.android.gms:play-services-basement-license:12.0.1] AndroidManifest.xml:17:1-24:12
MERGED from [android.arch.lifecycle:livedata-core:1.1.0] AndroidManifest.xml:17:1-22:12
MERGED from [android.arch.lifecycle:viewmodel:1.1.0] AndroidManifest.xml:17:1-22:12
MERGED from [android.arch.lifecycle:runtime:1.1.0] AndroidManifest.xml:17:1-22:12
MERGED from [android.arch.core:runtime:1.1.0] AndroidManifest.xml:17:1-22:12
MERGED from [com.google.android.gms:play-services-iid-license:12.0.1] AndroidManifest.xml:17:1-24:12
MERGED from [com.google.android.gms:play-services-analytics-impl-license:12.0.1] AndroidManifest.xml:17:1-24:12
MERGED from [com.google.android.gms:play-services-auth-base-license:12.0.1] AndroidManifest.xml:17:1-24:12
MERGED from [com.google.android.gms:play-services-ads-lite-license:12.0.1] AndroidManifest.xml:17:1-24:12
MERGED from [com.google.android.gms:play-services-gass-license:12.0.1] AndroidManifest.xml:17:1-24:12
INJECTED from src/main/AndroidManifest.xml:2:1-262:12
INJECTED from src/main/AndroidManifest.xml:2:1-262:12
INJECTED from src/main/AndroidManifest.xml:2:1-262:12
	package
		ADDED from src/main/AndroidManifest.xml:3:3-30
		INJECTED from src/main/AndroidManifest.xml
		INJECTED from src/main/AndroidManifest.xml
	android:versionName
		INJECTED from src/main/AndroidManifest.xml
		ADDED from src/main/AndroidManifest.xml:2:1-262:12
		INJECTED from src/main/AndroidManifest.xml
	xmlns:tools
		ADDED from src/main/AndroidManifest.xml:5:3-49
	android:versionCode
		INJECTED from src/main/AndroidManifest.xml
		ADDED from src/main/AndroidManifest.xml:2:1-262:12
		INJECTED from src/main/AndroidManifest.xml
	xmlns:android
		ADDED from src/main/AndroidManifest.xml:4:3-61
permission#com.onefood.onefoodapp.permission.C2D_MESSAGE
ADDED from src/main/AndroidManifest.xml:7:3-9:42
MERGED from [com.google.firebase:firebase-iid:12.0.1] AndroidManifest.xml:28:5-30:47
	android:protectionLevel
		ADDED from src/main/AndroidManifest.xml:9:5-40
	android:name
		ADDED from src/main/AndroidManifest.xml:8:5-65
uses-permission#com.onefood.onefoodapp.permission.C2D_MESSAGE
ADDED from src/main/AndroidManifest.xml:12:3-83
MERGED from [com.google.firebase:firebase-iid:12.0.1] AndroidManifest.xml:32:5-79
	android:name
		ADDED from src/main/AndroidManifest.xml:12:20-80
uses-permission#com.google.android.c2dm.permission.RECEIVE
ADDED from src/main/AndroidManifest.xml:13:3-80
MERGED from [com.google.android.gms:play-services-gcm:12.0.1] AndroidManifest.xml:23:5-82
MERGED from [com.google.android.gms:play-services-gcm:12.0.1] AndroidManifest.xml:23:5-82
MERGED from [com.google.firebase:firebase-iid:12.0.1] AndroidManifest.xml:26:5-82
MERGED from [com.google.firebase:firebase-iid:12.0.1] AndroidManifest.xml:26:5-82
MERGED from [com.google.android.gms:play-services-iid:12.0.1] AndroidManifest.xml:23:5-82
MERGED from [com.google.android.gms:play-services-iid:12.0.1] AndroidManifest.xml:23:5-82
	android:name
		ADDED from src/main/AndroidManifest.xml:13:20-77
uses-permission#android.permission.ACCESS_NETWORK_STATE
ADDED from src/main/AndroidManifest.xml:14:3-77
MERGED from [host.exp.exponent:expoview:28.0.0] AndroidManifest.xml:25:5-79
MERGED from [host.exp.exponent:expoview:28.0.0] AndroidManifest.xml:25:5-79
MERGED from [com.facebook.android:audience-network-sdk:4.26.1] AndroidManifest.xml:12:5-79
MERGED from [com.facebook.android:audience-network-sdk:4.26.1] AndroidManifest.xml:12:5-79
MERGED from [com.google.android.gms:play-services-analytics:12.0.1] AndroidManifest.xml:24:5-79
MERGED from [com.google.android.gms:play-services-analytics:12.0.1] AndroidManifest.xml:24:5-79
MERGED from [com.google.android.gms:play-services-maps:12.0.1] AndroidManifest.xml:23:5-79
MERGED from [com.google.android.gms:play-services-maps:12.0.1] AndroidManifest.xml:23:5-79
MERGED from [io.nlopez.smartlocation:library:3.2.11] AndroidManifest.xml:13:5-79
MERGED from [io.nlopez.smartlocation:library:3.2.11] AndroidManifest.xml:13:5-79
MERGED from [com.google.firebase:firebase-analytics:12.0.1] AndroidManifest.xml:24:5-79
MERGED from [com.google.firebase:firebase-analytics:12.0.1] AndroidManifest.xml:24:5-79
MERGED from [com.google.firebase:firebase-analytics-impl:12.0.1] AndroidManifest.xml:24:5-79
MERGED from [com.google.firebase:firebase-analytics-impl:12.0.1] AndroidManifest.xml:24:5-79
MERGED from [com.google.firebase:firebase-iid:12.0.1] AndroidManifest.xml:22:5-79
MERGED from [com.google.firebase:firebase-iid:12.0.1] AndroidManifest.xml:22:5-79
MERGED from [com.google.android.gms:play-services-analytics-impl:12.0.1] AndroidManifest.xml:24:5-79
MERGED from [com.google.android.gms:play-services-analytics-impl:12.0.1] AndroidManifest.xml:24:5-79
MERGED from [com.google.android.gms:play-services-ads-lite:12.0.1] AndroidManifest.xml:24:5-79
MERGED from [com.google.android.gms:play-services-ads-lite:12.0.1] AndroidManifest.xml:24:5-79
	android:name
		ADDED from src/main/AndroidManifest.xml:14:20-74
uses-permission#android.permission.INTERNET
ADDED from src/main/AndroidManifest.xml:15:3-65
MERGED from [host.exp.exponent:expoview:28.0.0] AndroidManifest.xml:19:5-67
MERGED from [host.exp.exponent:expoview:28.0.0] AndroidManifest.xml:19:5-67
MERGED from [com.facebook.android:audience-network-sdk:4.26.1] AndroidManifest.xml:11:5-67
MERGED from [com.facebook.android:audience-network-sdk:4.26.1] AndroidManifest.xml:11:5-67
MERGED from [com.google.android.gms:play-services-gcm:12.0.1] AndroidManifest.xml:24:5-67
MERGED from [com.google.android.gms:play-services-gcm:12.0.1] AndroidManifest.xml:24:5-67
MERGED from [com.google.android.gms:play-services-analytics:12.0.1] AndroidManifest.xml:23:5-67
MERGED from [com.google.android.gms:play-services-analytics:12.0.1] AndroidManifest.xml:23:5-67
MERGED from [com.google.android.gms:play-services-maps:12.0.1] AndroidManifest.xml:24:5-67
MERGED from [com.google.android.gms:play-services-maps:12.0.1] AndroidManifest.xml:24:5-67
MERGED from [net.openid:appauth:0.4.1] AndroidManifest.xml:24:5-67
MERGED from [net.openid:appauth:0.4.1] AndroidManifest.xml:24:5-67
MERGED from [com.google.firebase:firebase-analytics:12.0.1] AndroidManifest.xml:23:5-67
MERGED from [com.google.firebase:firebase-analytics:12.0.1] AndroidManifest.xml:23:5-67
MERGED from [com.google.firebase:firebase-analytics-impl:12.0.1] AndroidManifest.xml:23:5-67
MERGED from [com.google.firebase:firebase-analytics-impl:12.0.1] AndroidManifest.xml:23:5-67
MERGED from [com.google.firebase:firebase-iid:12.0.1] AndroidManifest.xml:23:5-67
MERGED from [com.google.firebase:firebase-iid:12.0.1] AndroidManifest.xml:23:5-67
MERGED from [com.google.android.gms:play-services-iid:12.0.1] AndroidManifest.xml:24:5-67
MERGED from [com.google.android.gms:play-services-iid:12.0.1] AndroidManifest.xml:24:5-67
MERGED from [com.google.android.gms:play-services-analytics-impl:12.0.1] AndroidManifest.xml:23:5-67
MERGED from [com.google.android.gms:play-services-analytics-impl:12.0.1] AndroidManifest.xml:23:5-67
MERGED from [com.google.android.gms:play-services-ads-lite:12.0.1] AndroidManifest.xml:23:5-67
MERGED from [com.google.android.gms:play-services-ads-lite:12.0.1] AndroidManifest.xml:23:5-67
MERGED from [com.crashlytics.sdk.android:crashlytics:2.5.5] AndroidManifest.xml:9:5-67
MERGED from [com.crashlytics.sdk.android:crashlytics:2.5.5] AndroidManifest.xml:9:5-67
MERGED from [com.crashlytics.sdk.android:crashlytics-core:2.3.8] AndroidManifest.xml:9:5-67
MERGED from [com.crashlytics.sdk.android:crashlytics-core:2.3.8] AndroidManifest.xml:9:5-67
MERGED from [com.crashlytics.sdk.android:answers:1.3.6] AndroidManifest.xml:9:5-67
MERGED from [com.crashlytics.sdk.android:answers:1.3.6] AndroidManifest.xml:9:5-67
MERGED from [io.fabric.sdk.android:fabric:1.3.10] AndroidManifest.xml:25:5-67
MERGED from [io.fabric.sdk.android:fabric:1.3.10] AndroidManifest.xml:25:5-67
MERGED from [com.crashlytics.sdk.android:beta:1.1.4] AndroidManifest.xml:9:5-67
MERGED from [com.crashlytics.sdk.android:beta:1.1.4] AndroidManifest.xml:9:5-67
	android:name
		ADDED from src/main/AndroidManifest.xml:15:20-62
uses-permission#android.permission.SYSTEM_ALERT_WINDOW
ADDED from src/main/AndroidManifest.xml:16:3-76
MERGED from [host.exp.exponent:expoview:28.0.0] AndroidManifest.xml:21:5-78
MERGED from [host.exp.exponent:expoview:28.0.0] AndroidManifest.xml:21:5-78
MERGED from [com.facebook.react:react-native:28.0.0] AndroidManifest.xml:11:5-78
MERGED from [com.facebook.react:react-native:28.0.0] AndroidManifest.xml:11:5-78
MERGED from [host.exp:reactandroid-abi28_0_0:1.0.0] AndroidManifest.xml:11:5-78
MERGED from [host.exp:reactandroid-abi28_0_0:1.0.0] AndroidManifest.xml:11:5-78
MERGED from [host.exp:reactandroid-abi27_0_0:1.0.0] AndroidManifest.xml:11:5-78
MERGED from [host.exp:reactandroid-abi27_0_0:1.0.0] AndroidManifest.xml:11:5-78
MERGED from [host.exp:reactandroid-abi26_0_0:1.0.0] AndroidManifest.xml:11:5-78
MERGED from [host.exp:reactandroid-abi26_0_0:1.0.0] AndroidManifest.xml:11:5-78
MERGED from [host.exp:reactandroid-abi25_0_0:1.0.0] AndroidManifest.xml:11:5-78
MERGED from [host.exp:reactandroid-abi25_0_0:1.0.0] AndroidManifest.xml:11:5-78
MERGED from [host.exp:reactandroid-abi24_0_0:1.0.0] AndroidManifest.xml:11:5-78
MERGED from [host.exp:reactandroid-abi24_0_0:1.0.0] AndroidManifest.xml:11:5-78
MERGED from [host.exp:reactandroid-abi23:1.0.0] AndroidManifest.xml:11:5-78
MERGED from [host.exp:reactandroid-abi23:1.0.0] AndroidManifest.xml:11:5-78
MERGED from [host.exp:reactandroid-abi22:1.0.0] AndroidManifest.xml:11:5-78
MERGED from [host.exp:reactandroid-abi22:1.0.0] AndroidManifest.xml:11:5-78
	android:name
		ADDED from src/main/AndroidManifest.xml:16:20-73
uses-permission#android.permission.WAKE_LOCK
ADDED from src/main/AndroidManifest.xml:17:3-66
MERGED from [host.exp.exponent:expoview:28.0.0] AndroidManifest.xml:22:5-68
MERGED from [host.exp.exponent:expoview:28.0.0] AndroidManifest.xml:22:5-68
MERGED from [com.google.android.gms:play-services-analytics:12.0.1] AndroidManifest.xml:27:5-68
MERGED from [com.google.android.gms:play-services-analytics:12.0.1] AndroidManifest.xml:27:5-68
MERGED from [com.google.firebase:firebase-analytics:12.0.1] AndroidManifest.xml:25:5-68
MERGED from [com.google.firebase:firebase-analytics:12.0.1] AndroidManifest.xml:25:5-68
MERGED from [com.google.firebase:firebase-analytics-impl:12.0.1] AndroidManifest.xml:25:5-68
MERGED from [com.google.firebase:firebase-analytics-impl:12.0.1] AndroidManifest.xml:25:5-68
MERGED from [com.google.firebase:firebase-iid:12.0.1] AndroidManifest.xml:24:5-68
MERGED from [com.google.firebase:firebase-iid:12.0.1] AndroidManifest.xml:24:5-68
MERGED from [com.google.android.gms:play-services-analytics-impl:12.0.1] AndroidManifest.xml:27:5-68
MERGED from [com.google.android.gms:play-services-analytics-impl:12.0.1] AndroidManifest.xml:27:5-68
	android:name
		ADDED from src/main/AndroidManifest.xml:17:20-63
uses-permission#android.permission.MANAGE_DOCUMENTS
ADDED from src/main/AndroidManifest.xml:21:3-73
MERGED from [host.exp.exponent:expoview:28.0.0] AndroidManifest.xml:26:5-75
MERGED from [host.exp.exponent:expoview:28.0.0] AndroidManifest.xml:26:5-75
	android:name
		ADDED from src/main/AndroidManifest.xml:21:20-70
uses-permission#android.permission.READ_INTERNAL_STORAGE
ADDED from src/main/AndroidManifest.xml:22:3-78
MERGED from [host.exp.exponent:expoview:28.0.0] AndroidManifest.xml:24:5-80
MERGED from [host.exp.exponent:expoview:28.0.0] AndroidManifest.xml:24:5-80
	android:name
		ADDED from src/main/AndroidManifest.xml:22:20-75
uses-permission#android.permission.READ_PHONE_STATE
ADDED from src/main/AndroidManifest.xml:23:3-73
	android:name
		ADDED from src/main/AndroidManifest.xml:23:20-70
uses-permission#android.permission.USE_FINGERPRINT
ADDED from src/main/AndroidManifest.xml:24:3-72
MERGED from [host.exp.exponent:expoview:28.0.0] AndroidManifest.xml:27:5-74
MERGED from [host.exp.exponent:expoview:28.0.0] AndroidManifest.xml:27:5-74
	android:name
		ADDED from src/main/AndroidManifest.xml:24:20-69
uses-permission#android.permission.VIBRATE
ADDED from src/main/AndroidManifest.xml:25:3-64
	android:name
		ADDED from src/main/AndroidManifest.xml:25:20-61
uses-permission#com.android.launcher.permission.INSTALL_SHORTCUT
ADDED from src/main/AndroidManifest.xml:26:3-86
MERGED from [host.exp.exponent:expoview:28.0.0] AndroidManifest.xml:20:5-88
MERGED from [host.exp.exponent:expoview:28.0.0] AndroidManifest.xml:20:5-88
	android:name
		ADDED from src/main/AndroidManifest.xml:26:20-83
uses-permission#android.permission.ACCESS_COARSE_LOCATION
ADDED from src/main/AndroidManifest.xml:29:3-79
MERGED from [host.exp.exponent:expoview:28.0.0] AndroidManifest.xml:37:5-81
MERGED from [host.exp.exponent:expoview:28.0.0] AndroidManifest.xml:37:5-81
MERGED from [io.nlopez.smartlocation:library:3.2.11] AndroidManifest.xml:12:5-81
MERGED from [io.nlopez.smartlocation:library:3.2.11] AndroidManifest.xml:12:5-81
	android:name
		ADDED from src/main/AndroidManifest.xml:29:20-76
uses-permission#android.permission.ACCESS_FINE_LOCATION
ADDED from src/main/AndroidManifest.xml:30:3-77
MERGED from [host.exp.exponent:expoview:28.0.0] AndroidManifest.xml:38:5-79
MERGED from [host.exp.exponent:expoview:28.0.0] AndroidManifest.xml:38:5-79
MERGED from [io.nlopez.smartlocation:library:3.2.11] AndroidManifest.xml:14:5-79
MERGED from [io.nlopez.smartlocation:library:3.2.11] AndroidManifest.xml:14:5-79
	android:name
		ADDED from src/main/AndroidManifest.xml:30:20-74
uses-permission#android.permission.CAMERA
ADDED from src/main/AndroidManifest.xml:31:3-63
MERGED from [host.exp.exponent:expoview:28.0.0] AndroidManifest.xml:36:5-65
MERGED from [host.exp.exponent:expoview:28.0.0] AndroidManifest.xml:36:5-65
MERGED from [com.google.android:cameraview:1.0.0] AndroidManifest.xml:23:5-65
MERGED from [com.google.android:cameraview:1.0.0] AndroidManifest.xml:23:5-65
	android:name
		ADDED from src/main/AndroidManifest.xml:31:20-60
uses-permission#android.permission.READ_CONTACTS
ADDED from src/main/AndroidManifest.xml:32:3-70
MERGED from [host.exp.exponent:expoview:28.0.0] AndroidManifest.xml:31:5-72
MERGED from [host.exp.exponent:expoview:28.0.0] AndroidManifest.xml:31:5-72
	android:name
		ADDED from src/main/AndroidManifest.xml:32:20-67
uses-permission#android.permission.READ_EXTERNAL_STORAGE
ADDED from src/main/AndroidManifest.xml:33:3-78
MERGED from [host.exp.exponent:expoview:28.0.0] AndroidManifest.xml:34:5-80
MERGED from [host.exp.exponent:expoview:28.0.0] AndroidManifest.xml:34:5-80
	android:name
		ADDED from src/main/AndroidManifest.xml:33:20-75
uses-permission#android.permission.RECORD_AUDIO
ADDED from src/main/AndroidManifest.xml:34:3-69
	android:name
		ADDED from src/main/AndroidManifest.xml:34:20-66
uses-permission#android.permission.WRITE_EXTERNAL_STORAGE
ADDED from src/main/AndroidManifest.xml:35:3-79
MERGED from [host.exp.exponent:expoview:28.0.0] AndroidManifest.xml:35:5-81
MERGED from [host.exp.exponent:expoview:28.0.0] AndroidManifest.xml:35:5-81
	android:name
		ADDED from src/main/AndroidManifest.xml:35:20-76
uses-permission#android.permission.WRITE_SETTINGS
ADDED from src/main/AndroidManifest.xml:36:3-71
	android:name
		ADDED from src/main/AndroidManifest.xml:36:20-68
uses-feature#0x00020000
ADDED from src/main/AndroidManifest.xml:41:3-77
MERGED from [com.google.android.gms:play-services-maps:12.0.1] AndroidManifest.xml:26:5-28:35
MERGED from [com.google.android.gms:play-services-maps:12.0.1] AndroidManifest.xml:26:5-28:35
	android:glEsVersion
		ADDED from src/main/AndroidManifest.xml:41:17-49
	android:required
		ADDED from src/main/AndroidManifest.xml:41:50-74
application
ADDED from src/main/AndroidManifest.xml:43:3-260:17
MERGED from [host.exp.exponent:expoview:28.0.0] AndroidManifest.xml:68:5-84:19
MERGED from [host.exp.exponent:expoview:28.0.0] AndroidManifest.xml:68:5-84:19
MERGED from [com.facebook.react:react-native:28.0.0] AndroidManifest.xml:13:5-20
MERGED from [com.facebook.react:react-native:28.0.0] AndroidManifest.xml:13:5-20
MERGED from [com.google.android:cameraview:1.0.0] AndroidManifest.xml:32:5-20
MERGED from [com.google.android:cameraview:1.0.0] AndroidManifest.xml:32:5-20
MERGED from [com.facebook.android:facebook-android-sdk:4.28.0] AndroidManifest.xml:28:5-29:19
MERGED from [com.facebook.android:facebook-android-sdk:4.28.0] AndroidManifest.xml:28:5-29:19
MERGED from [com.facebook.android:facebook-login:4.28.0] AndroidManifest.xml:28:5-29:19
MERGED from [com.facebook.android:facebook-login:4.28.0] AndroidManifest.xml:28:5-29:19
MERGED from [com.facebook.android:facebook-share:4.28.0] AndroidManifest.xml:28:5-29:19
MERGED from [com.facebook.android:facebook-share:4.28.0] AndroidManifest.xml:28:5-29:19
MERGED from [com.facebook.android:facebook-common:4.28.0] AndroidManifest.xml:28:5-34:19
MERGED from [com.facebook.android:facebook-common:4.28.0] AndroidManifest.xml:28:5-34:19
MERGED from [com.facebook.android:audience-network-sdk:4.26.1] AndroidManifest.xml:14:5-18:19
MERGED from [com.facebook.android:audience-network-sdk:4.26.1] AndroidManifest.xml:14:5-18:19
MERGED from [com.airbnb.android:lottie:2.5.5] AndroidManifest.xml:11:5-20
MERGED from [com.airbnb.android:lottie:2.5.5] AndroidManifest.xml:11:5-20
MERGED from [com.google.android.gms:play-services-gcm:12.0.1] AndroidManifest.xml:26:5-20
MERGED from [com.google.android.gms:play-services-gcm:12.0.1] AndroidManifest.xml:26:5-20
MERGED from [com.google.android.gms:play-services-analytics:12.0.1] AndroidManifest.xml:29:5-45:19
MERGED from [com.google.android.gms:play-services-analytics:12.0.1] AndroidManifest.xml:29:5-45:19
MERGED from [com.google.android.gms:play-services-maps:12.0.1] AndroidManifest.xml:30:5-20
MERGED from [com.google.android.gms:play-services-maps:12.0.1] AndroidManifest.xml:30:5-20
MERGED from [com.google.android.gms:play-services-auth:12.0.1] AndroidManifest.xml:22:5-37:19
MERGED from [com.google.android.gms:play-services-auth:12.0.1] AndroidManifest.xml:22:5-37:19
MERGED from [com.google.android.gms:play-services-fitness:12.0.1] AndroidManifest.xml:22:5-20
MERGED from [com.google.android.gms:play-services-fitness:12.0.1] AndroidManifest.xml:22:5-20
MERGED from [com.google.android.gms:play-services-location:12.0.1] AndroidManifest.xml:7:5-20
MERGED from [com.google.android.gms:play-services-location:12.0.1] AndroidManifest.xml:7:5-20
MERGED from [com.raizlabs.android:DBFlow:2.2.1] AndroidManifest.xml:11:5-20
MERGED from [com.raizlabs.android:DBFlow:2.2.1] AndroidManifest.xml:11:5-20
MERGED from [net.openid:appauth:0.4.1] AndroidManifest.xml:26:5-44:19
MERGED from [net.openid:appauth:0.4.1] AndroidManifest.xml:26:5-44:19
MERGED from [io.nlopez.smartlocation:library:3.2.11] AndroidManifest.xml:18:5-28:19
MERGED from [io.nlopez.smartlocation:library:3.2.11] AndroidManifest.xml:18:5-28:19
MERGED from [com.google.firebase:firebase-core:12.0.1] AndroidManifest.xml:5:5-20
MERGED from [com.google.firebase:firebase-core:12.0.1] AndroidManifest.xml:5:5-20